<?xml version="1.0" encoding="UTF-8"?>
<!-- Generated by org.testng.reporters.JUnitReportReporter -->
<testsuite hostname="FRT-V0-1614" failures="0" tests="1" name="test.java.BaseTest" time="14.453" errors="0" timestamp="18 Jun 2021 08:28:26 GMT">
  <testcase classname="test.java.BaseTest" name="Launch_Site" time="14.453"/>
</testsuite> <!-- test.java.BaseTest -->
