<?xml version="1.0" encoding="UTF-8"?>
<!-- Generated by org.testng.reporters.JUnitReportReporter -->
<testsuite hostname="FRT-V0-1614" failures="0" tests="1" name="test.java.TestClass" time="33.299" errors="0" timestamp="21 Jun 2021 10:03:39 GMT">
  <testcase classname="test.java.TestClass" name="Login_Valid_Email_Wrong_Pass" time="33.299"/>
</testsuite> <!-- test.java.TestClass -->
